INFO:  latexindent version 3.15, 2022-01-21, a script to indent .tex files
       latexindent lives here: /usr/share/texlive/texmf-dist/scripts/latexindent/
       Sat Feb 28 20:23:59 2026
       Filename: /home/pedro/desenvolvimento/ivfspea2/results/ablation/ablation_table.tex
INFO:  Processing switches:
       -s|--silent: Silent mode active (you have used either -s or --silent)
       -w|--overwrite: Overwrite mode active, will make a back up of /home/pedro/desenvolvimento/ivfspea2/results/ablation/ablation_table.tex first
INFO:  Directory for backup files and indent.log: /home/pedro/desenvolvimento/ivfspea2/results/ablation
INFO:  YAML settings read: defaultSettings.yaml
       Reading defaultSettings.yaml from /usr/share/texlive/texmf-dist/scripts/latexindent/defaultSettings.yaml
INFO:  YAML settings read: indentconfig.yaml or .indentconfig.yaml
       Home directory is /home/pedro (didn't find either indentconfig.yaml or .indentconfig.yaml)
       To specify user settings you would put indentconfig.yaml here: /home/pedro/indentconfig.yaml
       Alternatively, you can use the hidden file .indentconfig.yaml as: /home/pedro/.indentconfig.yaml
INFO:  Backup procedure (-w flag active):
       copying /home/pedro/desenvolvimento/ivfspea2/results/ablation/ablation_table.tex to /home/pedro/desenvolvimento/ivfspea2/results/ablation/ablation_table.bak0
       Backup file: /home/pedro/desenvolvimento/ivfspea2/results/ablation/ablation_table.bak0
       /home/pedro/desenvolvimento/ivfspea2/results/ablation/ablation_table.tex will be overwritten after indentation
INFO:  Phase 1: searching for objects
INFO:  Phase 2: finding surrounding indentation
INFO:  Phase 3: indenting objects
INFO:  Phase 4: final indentation check
INFO:  Output routine:
       Overwriting file /home/pedro/desenvolvimento/ivfspea2/results/ablation/ablation_table.tex
       --------------
INFO:  Please direct all communication/issues to:
        https://github.com/cmhughes/latexindent.pl
